2025-05-09T22:01:02.081+0800	ERROR	core/init.go:43	open ./config.yaml: The system cannot find the file specified.
github.com/Practical-Training-IOT/IOT-C/common/basic/core.ConfigInit
	D:/gowork/src/IOT-C/common/basic/core/init.go:43
github.com/Practical-Training-IOT/IOT-C/common/basic/core.init.0
	D:/gowork/src/IOT-C/common/basic/core/init.go:24
runtime.doInit1
	D:/go/src/runtime/proc.go:7350
runtime.doInit
	D:/go/src/runtime/proc.go:7317
runtime.main
	D:/go/src/runtime/proc.go:254
2025-05-09T22:01:02.086+0800	ERROR	core/init.go:81	[client.SetServerConfig] configs[0] is invalid
github.com/Practical-Training-IOT/IOT-C/common/basic/core.NacosInit
	D:/gowork/src/IOT-C/common/basic/core/init.go:81
github.com/Practical-Training-IOT/IOT-C/common/basic/core.init.0
	D:/gowork/src/IOT-C/common/basic/core/init.go:25
runtime.doInit1
	D:/go/src/runtime/proc.go:7350
runtime.doInit
	D:/go/src/runtime/proc.go:7317
runtime.main
	D:/go/src/runtime/proc.go:254
2025-05-09T22:01:02.088+0800	ERROR	core/init.go:108	failed to connect database: cannot parse `postgres://:xxxxx@:0/?sslmode=disable`: invalid port (outside range)
github.com/Practical-Training-IOT/IOT-C/common/basic/core.PostGreSQLInit
	D:/gowork/src/IOT-C/common/basic/core/init.go:108
github.com/Practical-Training-IOT/IOT-C/common/basic/core.init.0
	D:/gowork/src/IOT-C/common/basic/core/init.go:26
runtime.doInit1
	D:/go/src/runtime/proc.go:7350
runtime.doInit
	D:/go/src/runtime/proc.go:7317
runtime.main
	D:/go/src/runtime/proc.go:254
2025-05-09T22:01:31.294+0800	INFO	core/init.go:124	Successfully connected to database with GORM
2025-05-09T22:26:17.016+0800	INFO	core/init.go:124	Successfully connected to database with GORM
2025-05-09T22:32:19.854+0800	INFO	core/init.go:124	Successfully connected to database with GORM
2025-05-10T08:19:00.692+0800	INFO	core/init.go:124	Successfully connected to database with GORM
2025-05-10T08:45:01.903+0800	INFO	core/init.go:124	Successfully connected to database with GORM
2025-05-11T19:18:36.690+0800	INFO	core/init.go:124	Successfully connected to database with GORM
2025-05-11T22:18:52.346+0800	INFO	core/init.go:124	Successfully connected to database with GORM
2025-05-11T22:20:50.002+0800	INFO	core/init.go:124	Successfully connected to database with GORM
2025-05-11T22:24:56.232+0800	INFO	core/init.go:124	Successfully connected to database with GORM
2025-05-11T22:38:16.498+0800	INFO	core/init.go:124	Successfully connected to database with GORM
2025-05-11T22:40:32.483+0800	INFO	core/init.go:124	Successfully connected to database with GORM
2025-05-12T08:11:52.174+0800	INFO	core/init.go:124	Successfully connected to database with GORM
2025-05-12T08:20:14.601+0800	INFO	core/init.go:124	Successfully connected to database with GORM
2025-05-12T08:22:37.285+0800	INFO	core/init.go:124	Successfully connected to database with GORM
2025-05-12T08:23:24.577+0800	INFO	core/init.go:124	Successfully connected to database with GORM
2025-05-12T08:24:24.085+0800	INFO	core/init.go:124	Successfully connected to database with GORM
2025-05-13T08:07:26.198+0800	ERROR	core/init.go:108	failed to connect database: failed to connect to `user=root database=iot_platform_b`: 117.27.231.144:5432 (117.27.231.144): dial error: dial tcp 117.27.231.144:5432: connectex: A socket operation was attempted to an unreachable network.
github.com/Practical-Training-IOT/IOT-C/common/basic/core.PostGreSQLInit
	D:/gowork/src/IOT-C/common/basic/core/init.go:108
github.com/Practical-Training-IOT/IOT-C/common/basic/core.init.0
	D:/gowork/src/IOT-C/common/basic/core/init.go:26
runtime.doInit1
	D:/go/src/runtime/proc.go:7350
runtime.doInit
	D:/go/src/runtime/proc.go:7317
runtime.main
	D:/go/src/runtime/proc.go:254
2025-05-13T08:21:37.572+0800	INFO	core/init.go:124	Successfully connected to database with GORM
2025-05-13T14:44:22.178+0800	INFO	core/init.go:124	Successfully connected to database with GORM
